 AS V1.42 Beta [Bld 111] - source file Z80 Driver.asm - page 1 - 5/24/2019 18:56:12


       1/       0 :                     ; ---------------------------------------------------------------------------
       2/       0 :                     ; Twinkle DAC Driver
       3/       0 :                     ; ---------------------------------------------------------------------------
       4/       0 :                     
       5/       0 :                     ; =============== S U B R O U T I N E =======================================
       6/       0 :                     
       7/       0 :                     start:
       8/       0 :                     		!org	0
       9/       0 :                     		CPU Z80
      10/       0 :                     		listing on
      11/       0 :                     
      12/       0 : F3                  		di
      13/       1 : F3                  		di
      14/       2 : ED 56               		im	1
      15/       4 : C3 42 00            		jp	loc_42
      16/       7 :                     ; End of function start
      17/       7 :                     ; ---------------------------------------------------------------------------
      18/       7 : 00                  		db 0
      19/       8 :                     
      20/       8 :                     ; =============== S U B R O U T I N E =======================================
      21/       8 :                     
      22/       8 :                     sub_8:
      23/       8 : 3A 00 40            		ld	a, (4000h)
      24/       B : 07                  		rlca
      25/       C : 38 FA               		jr	c, sub_8
      26/       E : C9                  		ret
      27/       F :                     ; End of function sub_8
      28/       F :                     ; ---------------------------------------------------------------------------
      29/       F : 00                  		db 0
      30/      10 :                     
      31/      10 :                     ; =============== S U B R O U T I N E =======================================
      32/      10 :                     
      33/      10 :                     sub_10:
      34/      10 : F5                  		push	af
      35/      11 : CF                  		rst	8
      36/      12 : F1                  		pop	af
      37/      13 : 32 00 40            		ld	(4000h), a
      38/      16 : C9                  		ret
      39/      17 :                     ; End of function sub_10
      40/      17 :                     ; ---------------------------------------------------------------------------
      41/      17 : 00                  		db 0
      42/      18 :                     
      43/      18 :                     ; =============== S U B R O U T I N E =======================================
      44/      18 :                     
      45/      18 :                     sub_18:
      46/      18 : F5                  		push	af
      47/      19 : CF                  		rst	8
      48/      1A : F1                  		pop	af
      49/      1B : 32 01 40            		ld	(4001h), a
      50/      1E : C9                  		ret
      51/      1F :                     ; End of function sub_18
      52/      1F :                     ; ---------------------------------------------------------------------------
      53/      1F : 00                  		db 0
      54/      20 :                     ; ---------------------------------------------------------------------------
      55/      20 : F5                  		push	af
      56/      21 : CF                  		rst	8
      57/      22 : F1                  		pop	af
      58/      23 : 32 02 40            		ld	(4002h), a
      59/      26 : C9                  		ret
      60/      27 :                     ; ---------------------------------------------------------------------------
 AS V1.42 Beta [Bld 111] - source file Z80 Driver.asm - page 2 - 5/24/2019 18:56:12


      61/      27 : 00                  		db 0
      62/      28 :                     ; ---------------------------------------------------------------------------
      63/      28 : F5                  		push	af
      64/      29 : CF                  		rst	8
      65/      2A : F1                  		pop	af
      66/      2B : 32 03 40            		ld	(4003h), a
      67/      2E : C9                  		ret
      68/      2F :                     ; ---------------------------------------------------------------------------
      69/      2F :                     
      70/      2F :                     		align 38h
      71/      38 :                     
      72/      38 :                     ; =============== S U B R O U T I N E =======================================
      73/      38 :                     
      74/      38 :                     sub_38:
      75/      38 : F5                  		push	af
      76/      39 :                     
      77/      39 :                     loc_39:
      78/      39 : 3A F6 1F            		ld	a, (1FF6h)
      79/      3C : B7                  		or	a
      80/      3D : 20 FA               		jr	nz, loc_39
      81/      3F : F1                  		pop	af
      82/      40 : FB                  		ei
      83/      41 : C9                  		ret
      84/      42 :                     ; End of function sub_38
      85/      42 :                     ; ---------------------------------------------------------------------------
      86/      42 :                     
      87/      42 :                     loc_42:
      88/      42 : 21 2C 01            		ld	hl, word_12C
      89/      45 :                     
      90/      45 :                     loc_45:
      91/      45 : AF                  		xor	a
      92/      46 : 77                  		ld	(hl), a
      93/      47 : 23                  		inc	hl
      94/      48 : 7C                  		ld	a, h
      95/      49 : FE 20               		cp	20h
      96/      4B : 20 F8               		jr	nz, loc_45
      97/      4D : 31 00 1F            		ld	sp, 1F00h
      98/      50 :                     
      99/      50 :                     loc_50:
     100/      50 : AF                  		xor	a
     101/      51 : 32 F5 1F            		ld	(1FF5h), a
     102/      54 :                     
     103/      54 :                     loc_54:
     104/      54 : 3A F4 1F            		ld	a, (1FF4h)
     105/      57 : B7                  		or	a
     106/      58 : 28 FA               		jr	z, loc_54
     107/      5A : CD 9E 00            		call	sub_9E
     108/      5D : 18 07               		jr	loc_66
     109/      5F :                     ; ---------------------------------------------------------------------------
     110/      5F :                     
     111/      5F :                     loc_5F:
     112/      5F : 3A F4 1F            		ld	a, (1FF4h)
     113/      62 : B7                  		or	a
     114/      63 : C4 9E 00            		call	nz, sub_9E
     115/      66 :                     
     116/      66 :                     loc_66:
     117/      66 : 2A 33 01            		ld	hl, (word_133)
     118/      69 : 7E                  		ld	a, (hl)
     119/      6A : 87                  		add	a, a
     120/      6B : 87                  		add	a, a
 AS V1.42 Beta [Bld 111] - source file Z80 Driver.asm - page 3 - 5/24/2019 18:56:12


     121/      6C : 87                  		add	a, a
     122/      6D : F6 07               		or	7
     123/      6F : 08                  		ex	af, af'
     124/      70 : 3A F7 1F            		ld	a, (1FF7h)
     125/      73 : B7                  		or	a
     126/      74 : 28 07               		jr	z, loc_7D
     127/      76 : 47                  		ld	b, a
     128/      77 : 08                  		ex	af, af'
     129/      78 :                     
     130/      78 :                     loc_78:
     131/      78 : CB 3F               		srl	a
     132/      7A : 10 FC               		djnz	loc_78
     133/      7C : 08                  		ex	af, af'
     134/      7D :                     
     135/      7D :                     loc_7D:
     136/      7D : 08                  		ex	af, af'
     137/      7E : DF                  		rst	18h
     138/      7F : 3A F3 1F            		ld	a, (1FF3h)
     139/      82 : 47                  		ld	b, a
     140/      83 :                     
     141/      83 :                     loc_83:
     142/      83 : 10 FE               		djnz	$
     143/      85 : 2A 33 01            		ld	hl, (word_133)
     144/      88 : 23                  		inc	hl
     145/      89 : CD D6 00            		call	sub_D6
     146/      8C : 22 33 01            		ld	(word_133), hl
     147/      8F : ED 5B 2C 01         		ld	de, (word_12C)
     148/      93 : 1B                  		dec	de
     149/      94 : ED 53 2C 01         		ld	(word_12C), de
     150/      98 : 7A                  		ld	a, d
     151/      99 : B3                  		or	e
     152/      9A : 20 C3               		jr	nz, loc_5F
     153/      9C : 18 B2               		jr	loc_50
     154/      9E :                     
     155/      9E :                     ; =============== S U B R O U T I N E =======================================
     156/      9E :                     
     157/      9E :                     sub_9E:
     158/      9E : 3A F0 1F            		ld	a, (1FF0h)
     159/      A1 : 67                  		ld	h, a
     160/      A2 : 3A F1 1F            		ld	a, (1FF1h)
     161/      A5 : 6F                  		ld	l, a
     162/      A6 : 11 00 00            		ld	de, 0
     163/      A9 : ED 53 F0 1F         		ld	(1FF0h), de
     164/      AD : 22 2F 01            		ld	(word_12F), hl
     165/      B0 : CD EB 00            		call	LoadBank
     166/      B3 : 3A F2 1F            		ld	a, (1FF2h)
     167/      B6 : 32 31 01            		ld	(byte_131), a
     168/      B9 : 6F                  		ld	l, a
     169/      BA : 3A 2F 01            		ld	a, (word_12F)
     170/      BD : F6 80               		or	80h
     171/      BF : 67                  		ld	h, a
     172/      C0 : 56                  		ld	d, (hl)
     173/      C1 : 23                  		inc	hl
     174/      C2 : CD D6 00            		call	sub_D6
     175/      C5 : 5E                  		ld	e, (hl)
     176/      C6 : 23                  		inc	hl
     177/      C7 : CD D6 00            		call	sub_D6
     178/      CA : 22 33 01            		ld	(word_133), hl
     179/      CD : ED 53 2C 01         		ld	(word_12C), de
     180/      D1 : AF                  		xor	a
 AS V1.42 Beta [Bld 111] - source file Z80 Driver.asm - page 4 - 5/24/2019 18:56:12


     181/      D2 : 32 F4 1F            		ld	(1FF4h), a
     182/      D5 : C9                  		ret
     183/      D6 :                     ; End of function sub_9E
     184/      D6 :                     
     185/      D6 :                     ; =============== S U B R O U T I N E =======================================
     186/      D6 :                     
     187/      D6 :                     sub_D6:
     188/      D6 : 7C                  		ld	a, h
     189/      D7 : B5                  		or	l
     190/      D8 : 20 10               		jr	nz, locret_EA
     191/      DA : 2A 2F 01            		ld	hl, (word_12F)
     192/      DD : 01 80 00            		ld	bc, 80h
     193/      E0 : 09                  		add	hl, bc
     194/      E1 : 22 2F 01            		ld	(word_12F), hl
     195/      E4 : CD EB 00            		call	LoadBank
     196/      E7 : 21 00 80            		ld	hl, 8000h
     197/      EA :                     
     198/      EA :                     locret_EA:
     199/      EA : C9                  		ret
     200/      EB :                     ; End of function sub_D6
     201/      EB :                     
     202/      EB :                     ; =============== S U B R O U T I N E =======================================
     203/      EB :                     
     204/      EB :                     LoadBank:
     205/      EB : 7D                  		ld	a, l
     206/      EC : 07                  		rlca
     207/      ED : 32 00 60            		ld	(6000h), a
     208/      F0 : 06 08               		ld	b, 8
     209/      F2 : 7C                  		ld	a, h
     210/      F3 :                     
     211/      F3 :                     loc_F3:
     212/      F3 : 32 00 60            		ld	(6000h), a
     213/      F6 : 0F                  		rrca
     214/      F7 : 10 FA               		djnz	loc_F3
     215/      F9 : C9                  		ret
     216/      FA :                     ; End of function LoadBank
     217/      FA :                     ; ---------------------------------------------------------------------------
     218/      FA :                     
     219/      FA :                     loc_FA:
     220/      FA : 79                  		ld	a, c
     221/      FB : D7                  		rst	10h
     222/      FC : 7E                  		ld	a, (hl)
     223/      FD : DF                  		rst	18h
     224/      FE : 23                  		inc	hl
     225/      FF : 0C                  		inc	c
     226/     100 : 10 F8               		djnz	loc_FA
     227/     102 : C9                  		ret
     228/     103 :                     ; ---------------------------------------------------------------------------
     229/     103 :                     
     230/     103 :                     loc_103:
     231/     103 : 79                  		ld	a, c
     232/     104 : D7                  		rst	10h
     233/     105 : 7E                  		ld	a, (hl)
     234/     106 : DF                  		rst	18h
     235/     107 : 23                  		inc	hl
     236/     108 : 0C                  		inc	c
     237/     109 : 10 F8               		djnz	loc_103
     238/     10B : C9                  		ret
     239/     10C :                     ; ---------------------------------------------------------------------------
     240/     10C : 00                  		db 0
 AS V1.42 Beta [Bld 111] - source file Z80 Driver.asm - page 5 - 5/24/2019 18:56:12


     241/     10D : 00                  		db 0
     242/     10E : 00                  		db 0
     243/     10F : 00                  		db 0
     244/     110 : 00                  		db 0
     245/     111 : 00                  		db 0
     246/     112 : 00                  		db 0
     247/     113 : 00                  		db 0
     248/     114 : 00                  		db 0
     249/     115 : 00                  		db 0
     250/     116 : 00                  		db 0
     251/     117 : 00                  		db 0
     252/     118 : 00                  		db 0
     253/     119 : 00                  		db 0
     254/     11A : 00                  		db 0
     255/     11B : 00                  		db 0
     256/     11C : 00                  		db 0
     257/     11D : 00                  		db 0
     258/     11E : 00                  		db 0
     259/     11F : 00                  		db 0
     260/     120 : 00                  		db 0
     261/     121 : 00                  		db 0
     262/     122 : 00                  		db 0
     263/     123 : 00                  		db 0
     264/     124 : 00                  		db 0
     265/     125 : 00                  		db 0
     266/     126 : 00                  		db 0
     267/     127 : 00                  		db 0
     268/     128 : 00                  		db 0
     269/     129 : 00                  		db 0
     270/     12A : 00                  		db 0
     271/     12B : 00                  		db 0
     272/     12C :                     word_12C:
     273/     12C : 00 00               		dw 0
     274/     12E : 00                  		db 0
     275/     12F :                     word_12F:
     276/     12F : 00 00               		dw 0
     277/     131 :                     byte_131:
     278/     131 : 00                  		db 0
     279/     132 : 00                  		db 0
     280/     133 :                     word_133:
     281/     133 : 00 00               		dw 0
     282/     135 : 00                  		db 0
     283/     136 :                     
     284/     136 :                     ; =============== S U B R O U T I N E =======================================
     285/     136 :                     
     286/     136 :                     ; end of 'ROM'
     287/     136 :                     
     288/     136 :                     		END
 AS V1.42 Beta [Bld 111] - source file Z80 Driver.asm - page 6 - 5/24/2019 18:56:12


  symbol table (* = unused):
  ------------------------

*ARCHITECTURE :  i386-unknown-win32 - | *BIGENDIAN :                      0 - |
*BRANCHEXT :                      0 - |  BYTE_131 :                     131 C |
*CASESENSITIVE :                  0 - | *CONSTPI :        3.141592653589793 - |
*DATE :                   5/24/2019 - | *FALSE :                          0 - |
*FULLPMMU :                       1 - | *HAS64 :                          1 - |
*HASDSP :                         0 - | *HASFPU :                         0 - |
*HASPMMU :                        0 - | *INEXTMODE :                      0 - |
*INLWORDMODE :                    0 - | *INMAXMODE :                      0 - |
*INSRCMODE :                      0 - | *INSUPMODE :                      0 - |
*LISTON :                         1 - |  LOADBANK :                      EB C |
 LOCRET_EA :                     EA C |  LOC_103 :                      103 C |
 LOC_39 :                        39 C |  LOC_42 :                        42 C |
 LOC_45 :                        45 C |  LOC_50 :                        50 C |
 LOC_54 :                        54 C |  LOC_5F :                        5F C |
 LOC_66 :                        66 C |  LOC_78 :                        78 C |
 LOC_7D :                        7D C | *LOC_83 :                        83 C |
 LOC_F3 :                        F3 C |  LOC_FA :                        FA C |
*MACEXP :                         1 - | *MOMCPU :                        80 - |
*MOMCPUNAME :                   Z80 - | *NESTMAX :                      100 - |
*PACKING :                        0 - | *PADDING :                        1 - |
*RELAXED :                        0 - | *START :                          0 C |
*SUB_10 :                        10 C | *SUB_18 :                        18 C |
*SUB_38 :                        38 C |  SUB_8 :                          8 C |
 SUB_9E :                        9E C |  SUB_D6 :                        D6 C |
*TIME :                    18:56:12 - | *TRUE :                           1 - |
*VERSION :                     142F - |  WORD_12C :                     12C C |
 WORD_12F :                     12F C |  WORD_133 :                     133 C |

     54 symbols
     33 unused symbols

 AS V1.42 Beta [Bld 111] - source file Z80 Driver.asm - page 7 - 5/24/2019 18:56:12


  codepages:
  ----------

STANDARD (0 changed characters)


0.01 seconds assembly time

    289 lines source file
      2 passes
      0 errors
      0 warnings
